Using pre-set license
Built from '2020.2/release' branch; Version is '2020.2.2f1 (068178b99f32) revision 426360'; Using compiler version '192528614'; Build Type 'Release'
OS: 'Windows 10 Pro; OS build 19041.746; Version 2004; 64bit' Language: 'en' Physical Memory: 16212 MB
BatchMode: 1, IsHumanControllingUs: 0, StartBugReporterOnCrash: 0, Is64bit: 1, IsPro: 0

 COMMAND LINE ARGUMENTS:
C:\Program Files\Unity\Hub\Editor\2020.2.2f1\Editor\Unity.exe
-adb2
-batchMode
-noUpm
-name
AssetImportWorker0
-projectPath
C:/Users/Nathan/Documents/GitHub/GameDev1/Prototype
-logFile
Logs/AssetImportWorker0.log
-srvPort
59290
Successfully changed project path to: C:/Users/Nathan/Documents/GitHub/GameDev1/Prototype
C:/Users/Nathan/Documents/GitHub/GameDev1/Prototype
Using Asset Import Pipeline V2.
Refreshing native plugins compatible for Editor in 16.47 ms, found 0 plugins.
Preloading 0 native plugins for Editor in 0.00 ms.
Initialize engine version: 2020.2.2f1 (068178b99f32)
[Subsystems] Discovering subsystems at path C:/Program Files/Unity/Hub/Editor/2020.2.2f1/Editor/Data/Resources/UnitySubsystems
[Subsystems] Discovering subsystems at path C:/Users/Nathan/Documents/GitHub/GameDev1/Prototype/Assets
GfxDevice: creating device client; threaded=0
Direct3D:
    Version:  Direct3D 11.0 [level 11.1]
    Renderer: NVIDIA GeForce RTX 2070 SUPER (ID=0x1e84)
    Vendor:   
    VRAM:     8011 MB
    Driver:   27.21.14.6109
Initialize mono
Mono path[0] = 'C:/Program Files/Unity/Hub/Editor/2020.2.2f1/Editor/Data/Managed'
Mono path[1] = 'C:/Program Files/Unity/Hub/Editor/2020.2.2f1/Editor/Data/MonoBleedingEdge/lib/mono/unityjit'
Mono config path = 'C:/Program Files/Unity/Hub/Editor/2020.2.2f1/Editor/Data/MonoBleedingEdge/etc'
Using monoOptions --debugger-agent=transport=dt_socket,embedding=1,server=y,suspend=n,address=127.0.0.1:56388
Begin MonoManager ReloadAssembly
Registering precompiled unity dll's ...
Register platform support module: C:/Program Files/Unity/Hub/Editor/2020.2.2f1/Editor/Data/PlaybackEngines/WindowsStandaloneSupport/UnityEditor.WindowsStandalone.Extensions.dll
Registered in 0.001206 seconds.
Native extension for WindowsStandalone target not found
Refreshing native plugins compatible for Editor in 18.44 ms, found 0 plugins.
Preloading 0 native plugins for Editor in 0.00 ms.
Invoked RoslynAnalysisRunner static constructor.
RoslynAnalysisRunner will not be running.
RoslynAnalysisRunner has terminated.
Mono: successfully reloaded assembly
- Completed reload, in  0.709 seconds
Platform modules already initialized, skipping
Registering precompiled user dll's ...
Registered in 0.000440 seconds.
Begin MonoManager ReloadAssembly
Native extension for WindowsStandalone target not found
Refreshing native plugins compatible for Editor in 0.19 ms, found 0 plugins.
Preloading 0 native plugins for Editor in 0.00 ms.
Invoked RoslynAnalysisRunner static constructor.
RoslynAnalysisRunner will not be running.
RoslynAnalysisRunner has terminated.
Mono: successfully reloaded assembly
- Completed reload, in  0.580 seconds
Platform modules already initialized, skipping
========================================================================
Worker process is ready to serve import requests
Launched and connected shader compiler UnityShaderCompiler.exe after 0.04 seconds
Refreshing native plugins compatible for Editor in 0.16 ms, found 0 plugins.
Preloading 0 native plugins for Editor in 0.00 ms.
Unloading 1099 Unused Serialized files (Serialized files now loaded: 0)
System memory in use before: 56.5 MB.
System memory in use after: 56.6 MB.

Unloading 10 unused Assets to reduce memory usage. Loaded Objects now: 1540.
Total: 1.262100 ms (FindLiveObjects: 0.129500 ms CreateObjectMapping: 0.043200 ms MarkObjects: 1.029900 ms  DeleteObjects: 0.058500 ms)

========================================================================
Received Import Request.
  path: Assets/Scenes/SampleScene.unity
  artifactKey: Guid(9fc0d4010bbf28b4594072e72b8655ab) Importer(815301076,1909f56bfc062723c751e8b465ee728b)
Start importing Assets/Scenes/SampleScene.unity using Guid(9fc0d4010bbf28b4594072e72b8655ab) Importer(815301076,1909f56bfc062723c751e8b465ee728b)  -> (artifact id: '9831e44e2a700a6e1119228b2d38e767') in 0.011262 seconds
  Import took 0.016410 seconds .

========================================================================
Received Import Request.
  Time since last request: 1907.000221 seconds.
  path: Assets/Standard Assets/CrossPlatformInput
  artifactKey: Guid(710bc43f80d178548bd226c252c8e65b) Importer(815301076,1909f56bfc062723c751e8b465ee728b)
Start importing Assets/Standard Assets/CrossPlatformInput using Guid(710bc43f80d178548bd226c252c8e65b) Importer(815301076,1909f56bfc062723c751e8b465ee728b)  -> (artifact id: '7648fb792daf53727e9f9af36134e642') in 0.005110 seconds
  Import took 0.007572 seconds .

========================================================================
Received Import Request.
  Time since last request: 1.202110 seconds.
  path: Assets/Standard Assets/2D
  artifactKey: Guid(27dbec7630294d64c9ab91261656cbd4) Importer(815301076,1909f56bfc062723c751e8b465ee728b)
Start importing Assets/Standard Assets/2D using Guid(27dbec7630294d64c9ab91261656cbd4) Importer(815301076,1909f56bfc062723c751e8b465ee728b)  -> (artifact id: '4d426cf8a5888602b34e257fb839f166') in 0.005023 seconds
  Import took 0.006622 seconds .

========================================================================
Received Import Request.
  Time since last request: 1.025081 seconds.
  path: Assets/Standard Assets/Editor
  artifactKey: Guid(8f7308500f322e644817ccfc3e0a17a5) Importer(815301076,1909f56bfc062723c751e8b465ee728b)
Start importing Assets/Standard Assets/Editor using Guid(8f7308500f322e644817ccfc3e0a17a5) Importer(815301076,1909f56bfc062723c751e8b465ee728b)  -> (artifact id: 'fc7e1a2da2bde8d489fd071f47efc962') in 0.004687 seconds
  Import took 0.005969 seconds .

========================================================================
Received Import Request.
  Time since last request: 1.835529 seconds.
  path: Assets/Standard Assets/Fonts
  artifactKey: Guid(5d757120c2679c94f95bbb8c06341f10) Importer(815301076,1909f56bfc062723c751e8b465ee728b)
Start importing Assets/Standard Assets/Fonts using Guid(5d757120c2679c94f95bbb8c06341f10) Importer(815301076,1909f56bfc062723c751e8b465ee728b)  -> (artifact id: '1c5520acc874a85060c10a395184bd2f') in 0.004642 seconds
  Import took 0.005937 seconds .

========================================================================
Received Import Request.
  Time since last request: 1.604369 seconds.
  path: Assets/Standard Assets/Vehicles
  artifactKey: Guid(91c9eb0d68c3aa9468278099737303a2) Importer(815301076,1909f56bfc062723c751e8b465ee728b)
Start importing Assets/Standard Assets/Vehicles using Guid(91c9eb0d68c3aa9468278099737303a2) Importer(815301076,1909f56bfc062723c751e8b465ee728b)  -> (artifact id: 'f6e27013c8326d01b24dd635b6cfbedb') in 0.004880 seconds
  Import took 0.006344 seconds .

========================================================================
Received Import Request.
  Time since last request: 1.308218 seconds.
  path: Assets/Standard Assets/Vehicles/Aircraft
  artifactKey: Guid(b7de47d41fcb3aa49902af940a730982) Importer(815301076,1909f56bfc062723c751e8b465ee728b)
Start importing Assets/Standard Assets/Vehicles/Aircraft using Guid(b7de47d41fcb3aa49902af940a730982) Importer(815301076,1909f56bfc062723c751e8b465ee728b)  -> (artifact id: 'e39add220093b2650db8f3cae8c78cab') in 0.004746 seconds
  Import took 0.006072 seconds .

========================================================================
Received Import Request.
  Time since last request: 1.769300 seconds.
  path: Assets/Standard Assets/Vehicles/Aircraft/Models
  artifactKey: Guid(d0d63a75fc3907d4a8482c13096e4fe0) Importer(815301076,1909f56bfc062723c751e8b465ee728b)
Start importing Assets/Standard Assets/Vehicles/Aircraft/Models using Guid(d0d63a75fc3907d4a8482c13096e4fe0) Importer(815301076,1909f56bfc062723c751e8b465ee728b)  -> (artifact id: '8048758df5585ca88e78fa36ee45c5eb') in 0.004671 seconds
  Import took 0.006009 seconds .

========================================================================
Received Import Request.
  Time since last request: 0.070698 seconds.
  path: Assets/Standard Assets/Vehicles/Aircraft/Models/AircraftFuselage.fbx
  artifactKey: Guid(4fea6053a1424d44daf193f09be2d491) Importer(815301076,1909f56bfc062723c751e8b465ee728b)
Start importing Assets/Standard Assets/Vehicles/Aircraft/Models/AircraftFuselage.fbx using Guid(4fea6053a1424d44daf193f09be2d491) Importer(815301076,1909f56bfc062723c751e8b465ee728b)  -> (artifact id: '3137f3019ea830296e6be6ddad41fc7b') in 0.439598 seconds
  Import took 0.442389 seconds .

========================================================================
Received Import Request.
  Time since last request: 0.000110 seconds.
  path: Assets/Standard Assets/Vehicles/Aircraft/Models/AircraftWingsPropeller.fbx
  artifactKey: Guid(8fb5ebe73f3784e4fab98b15f1299e76) Importer(815301076,1909f56bfc062723c751e8b465ee728b)
Start importing Assets/Standard Assets/Vehicles/Aircraft/Models/AircraftWingsPropeller.fbx using Guid(8fb5ebe73f3784e4fab98b15f1299e76) Importer(815301076,1909f56bfc062723c751e8b465ee728b)  -> (artifact id: '18812a414d464fdb2c126916a0ad6987') in 0.180670 seconds
  Import took 0.183605 seconds .

========================================================================
Received Import Request.
  Time since last request: 0.000106 seconds.
  path: Assets/Standard Assets/Vehicles/Aircraft/Models/AircraftWingsJet.fbx
  artifactKey: Guid(63742edd796d522458d772b44affdf9b) Importer(815301076,1909f56bfc062723c751e8b465ee728b)
Start importing Assets/Standard Assets/Vehicles/Aircraft/Models/AircraftWingsJet.fbx using Guid(63742edd796d522458d772b44affdf9b) Importer(815301076,1909f56bfc062723c751e8b465ee728b)  -> (artifact id: 'f29dd4e3bb0461a4655ee74bf6fd854a') in 0.100201 seconds
  Import took 0.103094 seconds .

========================================================================
Received Prepare
Registering precompiled user dll's ...
Registered in 0.000472 seconds.
Begin MonoManager ReloadAssembly
Native extension for WindowsStandalone target not found
Refreshing native plugins compatible for Editor in 0.23 ms, found 0 plugins.
Preloading 0 native plugins for Editor in 0.00 ms.
[ScriptCompilation] NOT recompiling all scripts because this is an import worker process. Reason to compile was: Define symbols changed
Invoked RoslynAnalysisRunner static constructor.
RoslynAnalysisRunner will not be running.
RoslynAnalysisRunner has terminated.
Mono: successfully reloaded assembly
- Completed reload, in  0.595 seconds
Platform modules already initialized, skipping
Refreshing native plugins compatible for Editor in 0.21 ms, found 0 plugins.
Preloading 0 native plugins for Editor in 0.00 ms.
Unloading 1225 Unused Serialized files (Serialized files now loaded: 0)
System memory in use before: 70.4 MB.
System memory in use after: 66.4 MB.

Unloading 26 unused Assets to reduce memory usage. Loaded Objects now: 1668.
Total: 3.172300 ms (FindLiveObjects: 0.110300 ms CreateObjectMapping: 0.036400 ms MarkObjects: 1.119800 ms  DeleteObjects: 1.905100 ms)

========================================================================
Received Import Request.
  Time since last request: 1507.835988 seconds.
  path: Assets/Standard Assets/Characters/FirstPersonCharacter
  artifactKey: Guid(943e057eaae705e43b9e9b2e53d6adb0) Importer(815301076,1909f56bfc062723c751e8b465ee728b)
Start importing Assets/Standard Assets/Characters/FirstPersonCharacter using Guid(943e057eaae705e43b9e9b2e53d6adb0) Importer(815301076,1909f56bfc062723c751e8b465ee728b)  -> (artifact id: 'd7d639c44fe50b5df1f3647d5e17ad01') in 0.008299 seconds
  Import took 0.010094 seconds .

========================================================================
Received Import Request.
  Time since last request: 4.762394 seconds.
  path: Assets/Standard Assets/Characters/FirstPersonCharacter/Prefabs
  artifactKey: Guid(0bfb2599080d5d24e84362b4ae314ae7) Importer(815301076,1909f56bfc062723c751e8b465ee728b)
Start importing Assets/Standard Assets/Characters/FirstPersonCharacter/Prefabs using Guid(0bfb2599080d5d24e84362b4ae314ae7) Importer(815301076,1909f56bfc062723c751e8b465ee728b)  -> (artifact id: 'e8bf834511022a63e724010d064bb5ba') in 0.004768 seconds
  Import took 0.006194 seconds .

========================================================================
Received Import Request.
  Time since last request: 3.123890 seconds.
  path: Assets/Standard Assets/Characters/FirstPersonCharacter/FirstPersonCharacterGuidelines.txt
  artifactKey: Guid(bc9b000e9b8028247bd816e159382646) Importer(815301076,1909f56bfc062723c751e8b465ee728b)
Start importing Assets/Standard Assets/Characters/FirstPersonCharacter/FirstPersonCharacterGuidelines.txt using Guid(bc9b000e9b8028247bd816e159382646) Importer(815301076,1909f56bfc062723c751e8b465ee728b)  -> (artifact id: '3161732d7b0f644949c42aecfff3aae3') in 0.013799 seconds
  Import took 0.015480 seconds .

========================================================================
Received Import Request.
  Time since last request: 0.008474 seconds.
  path: Assets/Standard Assets/Characters/FirstPersonCharacter/FirstPersonCharacterGuidelines.txt
  artifactKey: Guid(bc9b000e9b8028247bd816e159382646) Importer(815301076,1909f56bfc062723c751e8b465ee728b)
Start importing Assets/Standard Assets/Characters/FirstPersonCharacter/FirstPersonCharacterGuidelines.txt using Guid(bc9b000e9b8028247bd816e159382646) Importer(815301076,1909f56bfc062723c751e8b465ee728b)  -> (artifact id: '3161732d7b0f644949c42aecfff3aae3') in 0.002424 seconds
  Import took 0.003952 seconds .

========================================================================
Received Import Request.
  Time since last request: 31.709607 seconds.
  path: Assets/Standard Assets/Characters/FirstPersonCharacter/Prefabs/FPSController.prefab
  artifactKey: Guid(5e9e851c0e142814dac026a256ba2ac0) Importer(815301076,1909f56bfc062723c751e8b465ee728b)
Start importing Assets/Standard Assets/Characters/FirstPersonCharacter/Prefabs/FPSController.prefab using Guid(5e9e851c0e142814dac026a256ba2ac0) Importer(815301076,1909f56bfc062723c751e8b465ee728b)  -> (artifact id: '59f0c69e3c6d10486cfb87f8e1fd7f75') in 0.018686 seconds
  Import took 0.020370 seconds .

========================================================================
Received Import Request.
  Time since last request: 0.000207 seconds.
  path: Assets/Standard Assets/Characters/FirstPersonCharacter/Prefabs/RigidBodyFPSController.prefab
  artifactKey: Guid(c6453f8e1f814744d8b94e5a6d1f9942) Importer(815301076,1909f56bfc062723c751e8b465ee728b)
Start importing Assets/Standard Assets/Characters/FirstPersonCharacter/Prefabs/RigidBodyFPSController.prefab using Guid(c6453f8e1f814744d8b94e5a6d1f9942) Importer(815301076,1909f56bfc062723c751e8b465ee728b)  -> (artifact id: '70a308cd3468de6691be224135a601af') in 0.007604 seconds
  Import took 0.009103 seconds .

========================================================================
Received Prepare
Registering precompiled user dll's ...
Registered in 0.000424 seconds.
Begin MonoManager ReloadAssembly
Native extension for WindowsStandalone target not found
Refreshing native plugins compatible for Editor in 0.29 ms, found 0 plugins.
Preloading 0 native plugins for Editor in 0.00 ms.
[ScriptCompilation] NOT recompiling all scripts because this is an import worker process. Reason to compile was: Define symbols changed
Invoked RoslynAnalysisRunner static constructor.
RoslynAnalysisRunner will not be running.
RoslynAnalysisRunner has terminated.
Mono: successfully reloaded assembly
- Completed reload, in  0.592 seconds
Platform modules already initialized, skipping
Refreshing native plugins compatible for Editor in 0.22 ms, found 0 plugins.
Preloading 0 native plugins for Editor in 0.00 ms.
Unloading 1224 Unused Serialized files (Serialized files now loaded: 0)
System memory in use before: 70.6 MB.
System memory in use after: 66.5 MB.

Unloading 26 unused Assets to reduce memory usage. Loaded Objects now: 1670.
Total: 3.372600 ms (FindLiveObjects: 0.158200 ms CreateObjectMapping: 0.050400 ms MarkObjects: 1.120500 ms  DeleteObjects: 2.042700 ms)

========================================================================
Received Import Request.
  Time since last request: 989.667486 seconds.
  path: Assets/Standard Assets/Characters/FirstPersonCharacter/Audio/Footstep01.wav
  artifactKey: Guid(42e65e088b3f4374e851b8dbd38f3df9) Importer(815301076,1909f56bfc062723c751e8b465ee728b)
Start importing Assets/Standard Assets/Characters/FirstPersonCharacter/Audio/Footstep01.wav using Guid(42e65e088b3f4374e851b8dbd38f3df9) Importer(815301076,1909f56bfc062723c751e8b465ee728b)  -> (artifact id: 'f95e10affd33a10b6c793209bfab3a6d') in 0.088258 seconds
  Import took 0.090309 seconds .

========================================================================
Received Import Request.
  Time since last request: 0.000131 seconds.
  path: Assets/Standard Assets/Characters/FirstPersonCharacter/Audio/Land.wav
  artifactKey: Guid(3b09d59f4499d45428baa7a21e954296) Importer(815301076,1909f56bfc062723c751e8b465ee728b)
Start importing Assets/Standard Assets/Characters/FirstPersonCharacter/Audio/Land.wav using Guid(3b09d59f4499d45428baa7a21e954296) Importer(815301076,1909f56bfc062723c751e8b465ee728b)  -> (artifact id: 'b85dc08a3040f4836e276215b0bf2dba') in 0.011999 seconds
  Import took 0.013598 seconds .

========================================================================
Received Import Request.
  Time since last request: 0.000106 seconds.
  path: Assets/Standard Assets/Characters/FirstPersonCharacter/Audio/Footstep03.wav
  artifactKey: Guid(5a9383dda6cabc047b7a297602e93eb4) Importer(815301076,1909f56bfc062723c751e8b465ee728b)
Start importing Assets/Standard Assets/Characters/FirstPersonCharacter/Audio/Footstep03.wav using Guid(5a9383dda6cabc047b7a297602e93eb4) Importer(815301076,1909f56bfc062723c751e8b465ee728b)  -> (artifact id: 'b20be811345de317419c3daeebebdc77') in 0.013173 seconds
  Import took 0.014640 seconds .

========================================================================
Received Import Request.
  Time since last request: 0.000146 seconds.
  path: Assets/Standard Assets/Characters/FirstPersonCharacter/Audio/Footstep02.wav
  artifactKey: Guid(8bc94ec6ed537e743b481638bdcd503d) Importer(815301076,1909f56bfc062723c751e8b465ee728b)
Start importing Assets/Standard Assets/Characters/FirstPersonCharacter/Audio/Footstep02.wav using Guid(8bc94ec6ed537e743b481638bdcd503d) Importer(815301076,1909f56bfc062723c751e8b465ee728b)  -> (artifact id: 'beb38c777d97187def65110b77e547aa') in 0.011939 seconds
  Import took 0.013375 seconds .

========================================================================
Received Import Request.
  Time since last request: 0.000139 seconds.
  path: Assets/Standard Assets/Characters/FirstPersonCharacter/Audio/Jump.wav
  artifactKey: Guid(5897aeed9b676024fbb8c694b421a861) Importer(815301076,1909f56bfc062723c751e8b465ee728b)
Start importing Assets/Standard Assets/Characters/FirstPersonCharacter/Audio/Jump.wav using Guid(5897aeed9b676024fbb8c694b421a861) Importer(815301076,1909f56bfc062723c751e8b465ee728b)  -> (artifact id: 'dedab8689bd3a18c3e8625ce99ea6108') in 0.013049 seconds
  Import took 0.014443 seconds .

========================================================================
Received Import Request.
  Time since last request: 0.000151 seconds.
  path: Assets/Standard Assets/Characters/FirstPersonCharacter/Audio/Footstep04.wav
  artifactKey: Guid(e9714160ce34f2b4ab63ff8c27bd68e1) Importer(815301076,1909f56bfc062723c751e8b465ee728b)
Start importing Assets/Standard Assets/Characters/FirstPersonCharacter/Audio/Footstep04.wav using Guid(e9714160ce34f2b4ab63ff8c27bd68e1) Importer(815301076,1909f56bfc062723c751e8b465ee728b)  -> (artifact id: 'c434731b97adb213cf1ba73fb22a82e9') in 0.014067 seconds
  Import took 0.015516 seconds .

========================================================================
Received Import Request.
  Time since last request: 56.735730 seconds.
  path: Assets/Standard Assets/Environment/SpeedTree/Broadleaf
  artifactKey: Guid(98f48093c79e1de4aad538371abbe607) Importer(815301076,1909f56bfc062723c751e8b465ee728b)
Start importing Assets/Standard Assets/Environment/SpeedTree/Broadleaf using Guid(98f48093c79e1de4aad538371abbe607) Importer(815301076,1909f56bfc062723c751e8b465ee728b)  -> (artifact id: '13f14fb68bc0b0b1d36134516ce23df9') in 0.005006 seconds
  Import took 0.006624 seconds .

========================================================================
Received Import Request.
  Time since last request: 0.532075 seconds.
  path: Assets/Standard Assets/Environment/SpeedTree/Conifer
  artifactKey: Guid(73ab447d8034be44f8321c730cc6247a) Importer(815301076,1909f56bfc062723c751e8b465ee728b)
Start importing Assets/Standard Assets/Environment/SpeedTree/Conifer using Guid(73ab447d8034be44f8321c730cc6247a) Importer(815301076,1909f56bfc062723c751e8b465ee728b)  -> (artifact id: '106153dd7dbf4e02cbac7b90fced689f') in 0.005075 seconds
  Import took 0.006636 seconds .

========================================================================
Received Import Request.
  Time since last request: 0.457990 seconds.
  path: Assets/Standard Assets/Environment/SpeedTree/Broadleaf/Broadleaf_Desktop.spm
  artifactKey: Guid(c91c1eb85782d5748ace27eb4d7415bb) Importer(815301076,1909f56bfc062723c751e8b465ee728b)
Start importing Assets/Standard Assets/Environment/SpeedTree/Broadleaf/Broadleaf_Desktop.spm using Guid(c91c1eb85782d5748ace27eb4d7415bb) Importer(815301076,1909f56bfc062723c751e8b465ee728b)  -> (artifact id: '5ff8d41f76ec649e3aca3ab786c5ee4a') in 1.599976 seconds
  Import took 1.601803 seconds .

========================================================================
Received Import Request.
  Time since last request: 0.000115 seconds.
  path: Assets/Standard Assets/Environment/SpeedTree/Broadleaf/Broadleaf_Desktop_Atlas_Billboards_Normal.tga
  artifactKey: Guid(0ec79c3d1dd0fb640b7f3f72ebb28f74) Importer(815301076,1909f56bfc062723c751e8b465ee728b)
Start importing Assets/Standard Assets/Environment/SpeedTree/Broadleaf/Broadleaf_Desktop_Atlas_Billboards_Normal.tga using Guid(0ec79c3d1dd0fb640b7f3f72ebb28f74) Importer(815301076,1909f56bfc062723c751e8b465ee728b)  -> (artifact id: '10ee3a5ef052f89214683f2dcc092f5a') in 0.017047 seconds
  Import took 0.018467 seconds .

========================================================================
Received Import Request.
  Time since last request: 0.000111 seconds.
  path: Assets/Standard Assets/Environment/SpeedTree/Broadleaf/Broadleaf_Desktop_Atlas_Specular.tga
  artifactKey: Guid(d954891cb9e58434d86e01d839ed4997) Importer(815301076,1909f56bfc062723c751e8b465ee728b)
Start importing Assets/Standard Assets/Environment/SpeedTree/Broadleaf/Broadleaf_Desktop_Atlas_Specular.tga using Guid(d954891cb9e58434d86e01d839ed4997) Importer(815301076,1909f56bfc062723c751e8b465ee728b)  -> (artifact id: 'fe41d1a1b5484ae0807c80c88eccbc71') in 0.014727 seconds
  Import took 0.016126 seconds .

========================================================================
Received Import Request.
  Time since last request: 0.000110 seconds.
  path: Assets/Standard Assets/Environment/SpeedTree/Broadleaf/Broadleaf_Desktop_Atlas_Billboards.tga
  artifactKey: Guid(951aab9a19f551f4385d0ceafdaf19b4) Importer(815301076,1909f56bfc062723c751e8b465ee728b)
Start importing Assets/Standard Assets/Environment/SpeedTree/Broadleaf/Broadleaf_Desktop_Atlas_Billboards.tga using Guid(951aab9a19f551f4385d0ceafdaf19b4) Importer(815301076,1909f56bfc062723c751e8b465ee728b)  -> (artifact id: '466732962b767daa793362b5d1322b2f') in 0.015329 seconds
  Import took 0.016776 seconds .

========================================================================
Received Import Request.
  Time since last request: 0.000103 seconds.
  path: Assets/Standard Assets/Environment/SpeedTree/Broadleaf/Broadleaf_Mobile_Atlas_Billboards.tga
  artifactKey: Guid(bc6e7e1374ff3e1459f65bf72da64c85) Importer(815301076,1909f56bfc062723c751e8b465ee728b)
Start importing Assets/Standard Assets/Environment/SpeedTree/Broadleaf/Broadleaf_Mobile_Atlas_Billboards.tga using Guid(bc6e7e1374ff3e1459f65bf72da64c85) Importer(815301076,1909f56bfc062723c751e8b465ee728b)  -> (artifact id: 'b9d395c913e04933194d8e6a775aefcf') in 0.012537 seconds
  Import took 0.013983 seconds .

========================================================================
Received Import Request.
  Time since last request: 0.000119 seconds.
  path: Assets/Standard Assets/Environment/SpeedTree/Broadleaf/Broadleaf_Desktop_Atlas_Normal.tga
  artifactKey: Guid(b552931caa1b3ea418b9ba90cbd1333e) Importer(815301076,1909f56bfc062723c751e8b465ee728b)
Start importing Assets/Standard Assets/Environment/SpeedTree/Broadleaf/Broadleaf_Desktop_Atlas_Normal.tga using Guid(b552931caa1b3ea418b9ba90cbd1333e) Importer(815301076,1909f56bfc062723c751e8b465ee728b)  -> (artifact id: '325e66e6b6fb3bc8fd26860d5d117895') in 0.011060 seconds
  Import took 0.012631 seconds .

========================================================================
Received Import Request.
  Time since last request: 0.000107 seconds.
  path: Assets/Standard Assets/Environment/SpeedTree/Broadleaf/Broadleaves_Mobile.tga
  artifactKey: Guid(b063a9f2b9f645b40948a32b447c738f) Importer(815301076,1909f56bfc062723c751e8b465ee728b)
Start importing Assets/Standard Assets/Environment/SpeedTree/Broadleaf/Broadleaves_Mobile.tga using Guid(b063a9f2b9f645b40948a32b447c738f) Importer(815301076,1909f56bfc062723c751e8b465ee728b)  -> (artifact id: '808a03d7937dd147a5d7e2e7f42e548c') in 0.012733 seconds
  Import took 0.014159 seconds .

========================================================================
Received Import Request.
  Time since last request: 0.000116 seconds.
  path: Assets/Standard Assets/Environment/SpeedTree/Broadleaf/ClippedFrond.tga
  artifactKey: Guid(f82badc465974aa4cbc424065780aa3d) Importer(815301076,1909f56bfc062723c751e8b465ee728b)
Start importing Assets/Standard Assets/Environment/SpeedTree/Broadleaf/ClippedFrond.tga using Guid(f82badc465974aa4cbc424065780aa3d) Importer(815301076,1909f56bfc062723c751e8b465ee728b)  -> (artifact id: '9bf288d965395ac60aead7ecea505c8a') in 0.010974 seconds
  Import took 0.012586 seconds .

========================================================================
Received Import Request.
  Time since last request: 0.000180 seconds.
  path: Assets/Standard Assets/Environment/SpeedTree/Broadleaf/Broadleaf_Mobile_Atlas.tga
  artifactKey: Guid(2c116325e19b8a04d916864cc540ec2d) Importer(815301076,1909f56bfc062723c751e8b465ee728b)
Start importing Assets/Standard Assets/Environment/SpeedTree/Broadleaf/Broadleaf_Mobile_Atlas.tga using Guid(2c116325e19b8a04d916864cc540ec2d) Importer(815301076,1909f56bfc062723c751e8b465ee728b)  -> (artifact id: '78a4dce6d4612cd22a8c13cc7fb6c735') in 0.011281 seconds
  Import took 0.012977 seconds .

========================================================================
Received Import Request.
  Time since last request: 0.000107 seconds.
  path: Assets/Standard Assets/Environment/SpeedTree/Broadleaf/Broadleaves_Mobile_Spec.tga
  artifactKey: Guid(db2f1c62933fa1745a9eb8479b15698b) Importer(815301076,1909f56bfc062723c751e8b465ee728b)
Start importing Assets/Standard Assets/Environment/SpeedTree/Broadleaf/Broadleaves_Mobile_Spec.tga using Guid(db2f1c62933fa1745a9eb8479b15698b) Importer(815301076,1909f56bfc062723c751e8b465ee728b)  -> (artifact id: '7f9e5e623e8a63c20875a59c54a3fee9') in 0.011318 seconds
  Import took 0.012802 seconds .

========================================================================
Received Import Request.
  Time since last request: 0.000105 seconds.
  path: Assets/Standard Assets/Environment/SpeedTree/Broadleaf/Broadleaves_Card_Desktop_Spec.tga
  artifactKey: Guid(6308da3d0ff986b42be3b0a6ea5b6fae) Importer(815301076,1909f56bfc062723c751e8b465ee728b)
Start importing Assets/Standard Assets/Environment/SpeedTree/Broadleaf/Broadleaves_Card_Desktop_Spec.tga using Guid(6308da3d0ff986b42be3b0a6ea5b6fae) Importer(815301076,1909f56bfc062723c751e8b465ee728b)  -> (artifact id: '63b06432db7b06203dc56e1f3b715b00') in 0.012048 seconds
  Import took 0.013495 seconds .

========================================================================
Received Import Request.
  Time since last request: 0.000113 seconds.
  path: Assets/Standard Assets/Environment/SpeedTree/Broadleaf/BroadleafBark.tga
  artifactKey: Guid(2c1c27ec8c3b75a4c80a795adc9ca788) Importer(815301076,1909f56bfc062723c751e8b465ee728b)
Start importing Assets/Standard Assets/Environment/SpeedTree/Broadleaf/BroadleafBark.tga using Guid(2c1c27ec8c3b75a4c80a795adc9ca788) Importer(815301076,1909f56bfc062723c751e8b465ee728b)  -> (artifact id: 'd58b24db68892e559327ceb4abc63915') in 0.011155 seconds
  Import took 0.012601 seconds .

========================================================================
Received Import Request.
  Time since last request: 0.000105 seconds.
  path: Assets/Standard Assets/Environment/SpeedTree/Broadleaf/Broadleaves_Card_Desktop_Normal.tga
  artifactKey: Guid(f0d8945c7972e4747aa776e16494fa37) Importer(815301076,1909f56bfc062723c751e8b465ee728b)
Start importing Assets/Standard Assets/Environment/SpeedTree/Broadleaf/Broadleaves_Card_Desktop_Normal.tga using Guid(f0d8945c7972e4747aa776e16494fa37) Importer(815301076,1909f56bfc062723c751e8b465ee728b)  -> (artifact id: '8f407f12073a0e4ea4454affad5078ba') in 0.011589 seconds
  Import took 0.013220 seconds .

========================================================================
Received Import Request.
  Time since last request: 0.000194 seconds.
  path: Assets/Standard Assets/Environment/SpeedTree/Broadleaf/Broadleaves_Desktop.tga
  artifactKey: Guid(306f8f570579fb3448d141a63029ef94) Importer(815301076,1909f56bfc062723c751e8b465ee728b)
Start importing Assets/Standard Assets/Environment/SpeedTree/Broadleaf/Broadleaves_Desktop.tga using Guid(306f8f570579fb3448d141a63029ef94) Importer(815301076,1909f56bfc062723c751e8b465ee728b)  -> (artifact id: '04aaf5160590ff212d2ae4cb306d10a0') in 0.012432 seconds
  Import took 0.014311 seconds .

========================================================================
Received Import Request.
  Time since last request: 0.000121 seconds.
  path: Assets/Standard Assets/Environment/SpeedTree/Broadleaf/Cap_01.tga
  artifactKey: Guid(c688b8230f338954e977969bd4457584) Importer(815301076,1909f56bfc062723c751e8b465ee728b)
Start importing Assets/Standard Assets/Environment/SpeedTree/Broadleaf/Cap_01.tga using Guid(c688b8230f338954e977969bd4457584) Importer(815301076,1909f56bfc062723c751e8b465ee728b)  -> (artifact id: '8e466d1bba285ebb6814d3bc2dfb870d') in 0.012946 seconds
  Import took 0.014465 seconds .

========================================================================
Received Import Request.
  Time since last request: 0.000095 seconds.
  path: Assets/Standard Assets/Environment/SpeedTree/Broadleaf/Broadleaf_Mobile_Atlas_Normal.tga
  artifactKey: Guid(be053ea3235ccb64a889bf0b15c2764b) Importer(815301076,1909f56bfc062723c751e8b465ee728b)
Start importing Assets/Standard Assets/Environment/SpeedTree/Broadleaf/Broadleaf_Mobile_Atlas_Normal.tga using Guid(be053ea3235ccb64a889bf0b15c2764b) Importer(815301076,1909f56bfc062723c751e8b465ee728b)  -> (artifact id: 'bd49d40bc3320732ca575c3b623d34ce') in 0.013301 seconds
  Import took 0.014710 seconds .

========================================================================
Received Import Request.
  Time since last request: 0.000102 seconds.
  path: Assets/Standard Assets/Environment/SpeedTree/Broadleaf/Broadleaves_Card_Desktop.tga
  artifactKey: Guid(ea60173ceac07334c91568c48cc765cd) Importer(815301076,1909f56bfc062723c751e8b465ee728b)
Start importing Assets/Standard Assets/Environment/SpeedTree/Broadleaf/Broadleaves_Card_Desktop.tga using Guid(ea60173ceac07334c91568c48cc765cd) Importer(815301076,1909f56bfc062723c751e8b465ee728b)  -> (artifact id: '743b67fd882862ae1b00e1377ebad76b') in 0.011404 seconds
  Import took 0.012838 seconds .

========================================================================
Received Import Request.
  Time since last request: 0.000109 seconds.
  path: Assets/Standard Assets/Environment/SpeedTree/Broadleaf/Cap_02_Normal.tga
  artifactKey: Guid(371fa5d370f67534696194100d17bfad) Importer(815301076,1909f56bfc062723c751e8b465ee728b)
Start importing Assets/Standard Assets/Environment/SpeedTree/Broadleaf/Cap_02_Normal.tga using Guid(371fa5d370f67534696194100d17bfad) Importer(815301076,1909f56bfc062723c751e8b465ee728b)  -> (artifact id: '07110ea27c1f52b378975cfda9cb56e4') in 0.012748 seconds
  Import took 0.014223 seconds .

========================================================================
Received Import Request.
  Time since last request: 0.000102 seconds.
  path: Assets/Standard Assets/Environment/SpeedTree/Broadleaf/BroadleafBark_Normal.tga
  artifactKey: Guid(34f07406286974e4ca236867d8d58b51) Importer(815301076,1909f56bfc062723c751e8b465ee728b)
Start importing Assets/Standard Assets/Environment/SpeedTree/Broadleaf/BroadleafBark_Normal.tga using Guid(34f07406286974e4ca236867d8d58b51) Importer(815301076,1909f56bfc062723c751e8b465ee728b)  -> (artifact id: '1a61f0687e8296d6bd502647c22fc8c9') in 0.010176 seconds
  Import took 0.011626 seconds .

========================================================================
Received Import Request.
  Time since last request: 0.000121 seconds.
  path: Assets/Standard Assets/Environment/SpeedTree/Broadleaf/ClippedFrond_Normal.tga
  artifactKey: Guid(98a0c4bded48f6e488eb93670599274e) Importer(815301076,1909f56bfc062723c751e8b465ee728b)
Start importing Assets/Standard Assets/Environment/SpeedTree/Broadleaf/ClippedFrond_Normal.tga using Guid(98a0c4bded48f6e488eb93670599274e) Importer(815301076,1909f56bfc062723c751e8b465ee728b)  -> (artifact id: 'e2951003f475e768328d64f9a53ffb84') in 0.012436 seconds
  Import took 0.014001 seconds .

========================================================================
Received Import Request.
  Time since last request: 0.000109 seconds.
  path: Assets/Standard Assets/Environment/SpeedTree/Broadleaf/Broadleaf_Mobile_Atlas_Billboards_Normal.tga
  artifactKey: Guid(c9de3ae2361df6c469caeb2024321cbf) Importer(815301076,1909f56bfc062723c751e8b465ee728b)
Start importing Assets/Standard Assets/Environment/SpeedTree/Broadleaf/Broadleaf_Mobile_Atlas_Billboards_Normal.tga using Guid(c9de3ae2361df6c469caeb2024321cbf) Importer(815301076,1909f56bfc062723c751e8b465ee728b)  -> (artifact id: '82b1cb7f11389173a60c27b4307f0ef2') in 0.013273 seconds
  Import took 0.014734 seconds .

========================================================================
Received Import Request.
  Time since last request: 0.000113 seconds.
  path: Assets/Standard Assets/Environment/SpeedTree/Broadleaf/Broadleaves_Desktop_Spec.tga
  artifactKey: Guid(30586af2d47849140b2d533bb6f75eaa) Importer(815301076,1909f56bfc062723c751e8b465ee728b)
Start importing Assets/Standard Assets/Environment/SpeedTree/Broadleaf/Broadleaves_Desktop_Spec.tga using Guid(30586af2d47849140b2d533bb6f75eaa) Importer(815301076,1909f56bfc062723c751e8b465ee728b)  -> (artifact id: 'a2e4095cecc3ca9b1159e4a7993bfbe4') in 0.011263 seconds
  Import took 0.012698 seconds .

========================================================================
Received Import Request.
  Time since last request: 0.000153 seconds.
  path: Assets/Standard Assets/Environment/SpeedTree/Broadleaf/Cap_02.tga
  artifactKey: Guid(ee07ea8cb1a00c844b4048d37dcfe712) Importer(815301076,1909f56bfc062723c751e8b465ee728b)
Start importing Assets/Standard Assets/Environment/SpeedTree/Broadleaf/Cap_02.tga using Guid(ee07ea8cb1a00c844b4048d37dcfe712) Importer(815301076,1909f56bfc062723c751e8b465ee728b)  -> (artifact id: '2761cec3f97c630ea15735a9a2580a6d') in 0.012798 seconds
  Import took 0.014281 seconds .

========================================================================
Received Import Request.
  Time since last request: 0.000408 seconds.
  path: Assets/Standard Assets/Environment/SpeedTree/Broadleaf/Cap_01_Normal.tga
  artifactKey: Guid(55e2334423fefa34fb4916f6780413d3) Importer(815301076,1909f56bfc062723c751e8b465ee728b)
Start importing Assets/Standard Assets/Environment/SpeedTree/Broadleaf/Cap_01_Normal.tga using Guid(55e2334423fefa34fb4916f6780413d3) Importer(815301076,1909f56bfc062723c751e8b465ee728b)  -> (artifact id: 'b11ca15dd8c7e439fc8f09304ff184c8') in 0.014226 seconds
  Import took 0.015695 seconds .

========================================================================
Received Import Request.
  Time since last request: 0.000106 seconds.
  path: Assets/Standard Assets/Environment/SpeedTree/Broadleaf/Broadleaf_Desktop_Atlas.tga
  artifactKey: Guid(d20e5329bb2905844a1ae38b80640d3f) Importer(815301076,1909f56bfc062723c751e8b465ee728b)
Start importing Assets/Standard Assets/Environment/SpeedTree/Broadleaf/Broadleaf_Desktop_Atlas.tga using Guid(d20e5329bb2905844a1ae38b80640d3f) Importer(815301076,1909f56bfc062723c751e8b465ee728b)  -> (artifact id: 'da8d40cb243484b08ed343f48e280cff') in 0.010693 seconds
  Import took 0.012106 seconds .

========================================================================
Received Import Request.
  Time since last request: 0.000111 seconds.
  path: Assets/Standard Assets/Environment/SpeedTree/Broadleaf/Broadleaves_Mobile_Normal.tga
  artifactKey: Guid(7bdd8cb386e0b554b84cb783663bb4fc) Importer(815301076,1909f56bfc062723c751e8b465ee728b)
Start importing Assets/Standard Assets/Environment/SpeedTree/Broadleaf/Broadleaves_Mobile_Normal.tga using Guid(7bdd8cb386e0b554b84cb783663bb4fc) Importer(815301076,1909f56bfc062723c751e8b465ee728b)  -> (artifact id: 'a4eedc10fe983324af9bdfdddf0adb46') in 0.011047 seconds
  Import took 0.012808 seconds .

========================================================================
Received Import Request.
  Time since last request: 0.000121 seconds.
  path: Assets/Standard Assets/Environment/SpeedTree/Broadleaf/Broadleaf_Desktop_Atlas.tga
  artifactKey: Guid(d20e5329bb2905844a1ae38b80640d3f) Importer(815301076,1909f56bfc062723c751e8b465ee728b)
Start importing Assets/Standard Assets/Environment/SpeedTree/Broadleaf/Broadleaf_Desktop_Atlas.tga using Guid(d20e5329bb2905844a1ae38b80640d3f) Importer(815301076,1909f56bfc062723c751e8b465ee728b)  -> (artifact id: 'da8d40cb243484b08ed343f48e280cff') in 0.009127 seconds
  Import took 0.010699 seconds .

========================================================================
Received Import Request.
  Time since last request: 0.000102 seconds.
  path: Assets/Standard Assets/Environment/SpeedTree/Broadleaf/Broadleaf_Mobile.spm
  artifactKey: Guid(6aab193b7693b5e4c9741f1917d2987c) Importer(815301076,1909f56bfc062723c751e8b465ee728b)
Start importing Assets/Standard Assets/Environment/SpeedTree/Broadleaf/Broadleaf_Mobile.spm using Guid(6aab193b7693b5e4c9741f1917d2987c) Importer(815301076,1909f56bfc062723c751e8b465ee728b)  -> (artifact id: 'a5b9eb04bcc3d5b6ddc9e96d59885895') in 0.033754 seconds
  Import took 0.035286 seconds .

========================================================================
Received Import Request.
  Time since last request: 0.000102 seconds.
  path: Assets/Standard Assets/Environment/SpeedTree/Broadleaf/Broadleaf_Mobile_Atlas_Specular.tga
  artifactKey: Guid(45cab4c9b31009748999eec1556926b3) Importer(815301076,1909f56bfc062723c751e8b465ee728b)
Start importing Assets/Standard Assets/Environment/SpeedTree/Broadleaf/Broadleaf_Mobile_Atlas_Specular.tga using Guid(45cab4c9b31009748999eec1556926b3) Importer(815301076,1909f56bfc062723c751e8b465ee728b)  -> (artifact id: 'f9632143c20a9eefa33583cb253cc342') in 0.008117 seconds
  Import took 0.009550 seconds .

========================================================================
Received Import Request.
  Time since last request: 0.000129 seconds.
  path: Assets/Standard Assets/Environment/SpeedTree/Broadleaf/Broadleaves_Desktop_Normal.tga
  artifactKey: Guid(e7b2d3eeb0a4d694792c93a8ab87e4a4) Importer(815301076,1909f56bfc062723c751e8b465ee728b)
Start importing Assets/Standard Assets/Environment/SpeedTree/Broadleaf/Broadleaves_Desktop_Normal.tga using Guid(e7b2d3eeb0a4d694792c93a8ab87e4a4) Importer(815301076,1909f56bfc062723c751e8b465ee728b)  -> (artifact id: '34cf56f81ff43e26e98296d238d486e4') in 0.012692 seconds
  Import took 0.014125 seconds .

